app/build/intermediates/manifest_merge_blame_file/debug/manifest-merger-blame-debug-report.txt
1<?xml version="1.0" encoding="utf-8"?>
2<manifest xmlns:android="http://schemas.android.com/apk/res/android"
3    package="com.example.msgsender"
4    android:versionCode="1"
5    android:versionName="1.0" >
6
7    <uses-sdk
8        android:minSdkVersion="24"
8-->src/main/AndroidManifest.xml
9        android:targetSdkVersion="28" />
9-->src/main/AndroidManifest.xml
10
11    <uses-feature
11-->src/main/AndroidManifest.xml:8:2-10:29
12        android:name="android.hardware.telephony"
12-->src/main/AndroidManifest.xml:9:3-44
13        android:required="true" />
13-->src/main/AndroidManifest.xml:10:3-26
14
15    <uses-permission android:name="android.permission.SEND_SMS" />
15-->src/main/AndroidManifest.xml:12:2-63
15-->src/main/AndroidManifest.xml:12:19-61
16    <uses-permission android:name="android.permission.READ_PHONE_STATE" />
16-->src/main/AndroidManifest.xml:13:2-72
16-->src/main/AndroidManifest.xml:13:19-69
17    <uses-permission android:name="android.permission.READ_SMS" />
17-->src/main/AndroidManifest.xml:14:2-64
17-->src/main/AndroidManifest.xml:14:19-61
18    <uses-permission android:name="android.permission.RECEIVE_SMS" />
18-->src/main/AndroidManifest.xml:15:2-67
18-->src/main/AndroidManifest.xml:15:19-64
19
20    <application
20-->src/main/AndroidManifest.xml:17:2-45:16
21        android:allowBackup="true"
21-->src/main/AndroidManifest.xml:18:3-29
22        android:appComponentFactory="androidx.core.app.CoreComponentFactory"
22-->[androidx.core:core:1.1.0] AndroidManifest.xml:24:18-86
23        android:debuggable="true"
24        android:icon="@drawable/ic_launcher"
24-->src/main/AndroidManifest.xml:19:3-39
25        android:label="@string/app_name"
25-->src/main/AndroidManifest.xml:20:3-35
26        android:testOnly="true"
27        android:theme="@style/AppTheme" >
27-->src/main/AndroidManifest.xml:21:3-34
28        <activity
28-->src/main/AndroidManifest.xml:23:3-30:14
29            android:name="com.example.msgsender.MainActivity"
29-->src/main/AndroidManifest.xml:24:4-32
30            android:label="@string/title_activity_main" >
30-->src/main/AndroidManifest.xml:25:4-47
31            <intent-filter>
31-->src/main/AndroidManifest.xml:26:4-29:20
32                <action android:name="android.intent.action.MAIN" />
32-->src/main/AndroidManifest.xml:27:5-57
32-->src/main/AndroidManifest.xml:27:13-54
33
34                <category android:name="android.intent.category.LAUNCHER" />
34-->src/main/AndroidManifest.xml:28:5-65
34-->src/main/AndroidManifest.xml:28:15-62
35            </intent-filter>
36        </activity>
37        <!-- <receiver android:name=".IncomingSms" -->
38        <!-- android:permission="android.permission.BROADCAST_SMS"> -->
39        <!-- <intent-filter> -->
40        <!-- <action android:name="android.provider.Telephony.SMS_RECEIVED" /> -->
41        <!-- </intent-filter> -->
42        <!-- </receiver> -->
43        <activity
43-->src/main/AndroidManifest.xml:37:3-44:14
44            android:name="com.example.msgsender.ContactActivity"
44-->src/main/AndroidManifest.xml:38:4-35
45            android:label="@string/title_activity_contact" >
45-->src/main/AndroidManifest.xml:39:4-50
46
47            <!-- <intent-filter> -->
48            <!-- <action android:name="android.intent.action.MAIN" /> -->
49            <!-- <category android:name="android.intent.category.LAUNCHER" /> -->
50            <!-- </intent-filter> -->
51        </activity>
52    </application>
53
54</manifest>